# JRE version: OpenJDK Runtime Environment Corretto-11.0.19.7.1 (11.0.19+7) (build 11.0.19+7-LTS)
# Java VM: OpenJDK 64-Bit Server VM Corretto-11.0.19.7.1 (11.0.19+7-LTS, mixed mode, tiered, compressed oops, g1 gc, windows-amd64)
Heap:
 garbage-first heap   total 189440K, used 121681K [0x0000000080e00000, 0x0000000100000000)
  region size 1024K, 39 young (39936K), 3 survivors (3072K)
 Metaspace       used 102754K, capacity 105976K, committed 106240K, reserved 1140736K
  class space    used 13471K, capacity 14534K, committed 14616K, reserved 1048576K
GC Heap History (20 events):
Event: 72.166 GC heap before
{Heap before GC invocations=27 (full 0):
 garbage-first heap   total 189440K, used 156273K [0x0000000080e00000, 0x0000000100000000)
  region size 1024K, 103 young (105472K), 12 survivors (12288K)
 Metaspace       used 80783K, capacity 83411K, committed 83736K, reserved 1122304K
  class space    used 10587K, capacity 11464K, committed 11544K, reserved 1048576K
}
Event: 72.185 GC heap after
{Heap after GC invocations=28 (full 0):
 garbage-first heap   total 189440K, used 68225K [0x0000000080e00000, 0x0000000100000000)
  region size 1024K, 10 young (10240K), 10 survivors (10240K)
 Metaspace       used 80783K, capacity 83411K, committed 83736K, reserved 1122304K
  class space    used 10587K, capacity 11464K, committed 11544K, reserved 1048576K
}
Event: 75.452 GC heap before
{Heap before GC invocations=28 (full 0):
 garbage-first heap   total 189440K, used 158337K [0x0000000080e00000, 0x0000000100000000)
  region size 1024K, 98 young (100352K), 10 survivors (10240K)
 Metaspace       used 84851K, capacity 87627K, committed 87832K, reserved 1124352K
  class space    used 11071K, capacity 11995K, committed 12056K, reserved 1048576K
}
Event: 75.468 GC heap after
{Heap after GC invocations=29 (full 0):
 garbage-first heap   total 189440K, used 72916K [0x0000000080e00000, 0x0000000100000000)
  region size 1024K, 10 young (10240K), 10 survivors (10240K)
 Metaspace       used 84851K, capacity 87627K, committed 87832K, reserved 1124352K
  class space    used 11071K, capacity 11995K, committed 12056K, reserved 1048576K
}
Event: 76.901 GC heap before
{Heap before GC invocations=29 (full 0):
 garbage-first heap   total 189440K, used 157908K [0x0000000080e00000, 0x0000000100000000)
  region size 1024K, 93 young (95232K), 10 survivors (10240K)
 Metaspace       used 88281K, capacity 91082K, committed 91416K, reserved 1128448K
  class space    used 11527K, capacity 12457K, committed 12568K, reserved 1048576K
}
Event: 76.921 GC heap after
{Heap after GC invocations=30 (full 0):
 garbage-first heap   total 189440K, used 76937K [0x0000000080e00000, 0x0000000100000000)
  region size 1024K, 10 young (10240K), 10 survivors (10240K)
 Metaspace       used 88281K, capacity 91082K, committed 91416K, reserved 1128448K
  class space    used 11527K, capacity 12457K, committed 12568K, reserved 1048576K
}
Event: 80.815 GC heap before
{Heap before GC invocations=30 (full 0):
 garbage-first heap   total 189440K, used 156809K [0x0000000080e00000, 0x0000000100000000)
  region size 1024K, 89 young (91136K), 10 survivors (10240K)
 Metaspace       used 91703K, capacity 94579K, committed 94616K, reserved 1130496K
  class space    used 11958K, capacity 12923K, committed 12952K, reserved 1048576K
}
Event: 80.832 GC heap after
{Heap after GC invocations=31 (full 0):
 garbage-first heap   total 189440K, used 83748K [0x0000000080e00000, 0x0000000100000000)
  region size 1024K, 11 young (11264K), 11 survivors (11264K)
 Metaspace       used 91703K, capacity 94579K, committed 94616K, reserved 1130496K
  class space    used 11958K, capacity 12923K, committed 12952K, reserved 1048576K
}
Event: 81.958 GC heap before
{Heap before GC invocations=31 (full 0):
 garbage-first heap   total 189440K, used 157476K [0x0000000080e00000, 0x0000000100000000)
  region size 1024K, 83 young (84992K), 11 survivors (11264K)
 Metaspace       used 94386K, capacity 97382K, committed 97560K, reserved 1134592K
  class space    used 12285K, capacity 13273K, committed 13336K, reserved 1048576K
}
Event: 81.973 GC heap after
{Heap after GC invocations=32 (full 0):
 garbage-first heap   total 189440K, used 87944K [0x0000000080e00000, 0x0000000100000000)
  region size 1024K, 5 young (5120K), 5 survivors (5120K)
 Metaspace       used 94386K, capacity 97382K, committed 97560K, reserved 1134592K
  class space    used 12285K, capacity 13273K, committed 13336K, reserved 1048576K
}
Event: 83.709 GC heap before
{Heap before GC invocations=32 (full 0):
 garbage-first heap   total 189440K, used 158600K [0x0000000080e00000, 0x0000000100000000)
  region size 1024K, 74 young (75776K), 5 survivors (5120K)
 Metaspace       used 97023K, capacity 100100K, committed 100376K, reserved 1136640K
  class space    used 12683K, capacity 13734K, committed 13848K, reserved 1048576K
}
Event: 83.730 GC heap after
{Heap after GC invocations=33 (full 0):
 garbage-first heap   total 189440K, used 90541K [0x0000000080e00000, 0x0000000100000000)
  region size 1024K, 8 young (8192K), 8 survivors (8192K)
 Metaspace       used 97023K, capacity 100100K, committed 100376K, reserved 1136640K
  class space    used 12683K, capacity 13734K, committed 13848K, reserved 1048576K
}
Event: 84.628 GC heap before
{Heap before GC invocations=33 (full 0):
 garbage-first heap   total 189440K, used 136621K [0x0000000080e00000, 0x0000000100000000)
  region size 1024K, 54 young (55296K), 8 survivors (8192K)
 Metaspace       used 100036K, capacity 103174K, committed 103296K, reserved 1138688K
  class space    used 13089K, capacity 14172K, committed 14232K, reserved 1048576K
}
Event: 84.641 GC heap after
{Heap after GC invocations=34 (full 0):
 garbage-first heap   total 189440K, used 92561K [0x0000000080e00000, 0x0000000100000000)
  region size 1024K, 6 young (6144K), 6 survivors (6144K)
 Metaspace       used 100036K, capacity 103174K, committed 103296K, reserved 1138688K
  class space    used 13089K, capacity 14172K, committed 14232K, reserved 1048576K
}
Event: 86.021 GC heap before
{Heap before GC invocations=35 (full 0):
 garbage-first heap   total 189440K, used 157073K [0x0000000080e00000, 0x0000000100000000)
  region size 1024K, 69 young (70656K), 6 survivors (6144K)
 Metaspace       used 100375K, capacity 103554K, committed 103936K, reserved 1138688K
  class space    used 13163K, capacity 14247K, committed 14360K, reserved 1048576K
}
Event: 86.037 GC heap after
{Heap after GC invocations=36 (full 0):
 garbage-first heap   total 189440K, used 95392K [0x0000000080e00000, 0x0000000100000000)
  region size 1024K, 5 young (5120K), 5 survivors (5120K)
 Metaspace       used 100375K, capacity 103554K, committed 103936K, reserved 1138688K
  class space    used 13163K, capacity 14247K, committed 14360K, reserved 1048576K
}
Event: 86.071 GC heap before
{Heap before GC invocations=36 (full 0):
 garbage-first heap   total 189440K, used 99488K [0x0000000080e00000, 0x0000000100000000)
  region size 1024K, 9 young (9216K), 5 survivors (5120K)
 Metaspace       used 100386K, capacity 103554K, committed 103936K, reserved 1138688K
  class space    used 13165K, capacity 14247K, committed 14360K, reserved 1048576K
}
Event: 86.085 GC heap after
{Heap after GC invocations=37 (full 0):
 garbage-first heap   total 189440K, used 85727K [0x0000000080e00000, 0x0000000100000000)
  region size 1024K, 1 young (1024K), 1 survivors (1024K)
 Metaspace       used 100386K, capacity 103554K, committed 103936K, reserved 1138688K
  class space    used 13165K, capacity 14247K, committed 14360K, reserved 1048576K
}
Event: 86.715 GC heap before
{Heap before GC invocations=37 (full 0):
 garbage-first heap   total 189440K, used 154335K [0x0000000080e00000, 0x0000000100000000)
  region size 1024K, 68 young (69632K), 1 survivors (1024K)
 Metaspace       used 100568K, capacity 103753K, committed 103936K, reserved 1138688K
  class space    used 13198K, capacity 14287K, committed 14360K, reserved 1048576K
}
Event: 86.721 GC heap after
{Heap after GC invocations=38 (full 0):
 garbage-first heap   total 189440K, used 86865K [0x0000000080e00000, 0x0000000100000000)
  region size 1024K, 3 young (3072K), 3 survivors (3072K)
 Metaspace       used 100568K, capacity 103753K, committed 103936K, reserved 1138688K
  class space    used 13198K, capacity 14287K, committed 14360K, reserved 1048576K
}

