# JRE version: OpenJDK Runtime Environment Corretto-11.0.19.7.1 (11.0.19+7) (build 11.0.19+7-LTS)
# Java VM: OpenJDK 64-Bit Server VM Corretto-11.0.19.7.1 (11.0.19+7-LTS, mixed mode, tiered, compressed oops, g1 gc, windows-amd64)
Heap:
 garbage-first heap   total 238592K, used 49339K [0x0000000080e00000, 0x0000000100000000)
  region size 1024K, 8 young (8192K), 7 survivors (7168K)
 Metaspace       used 58835K, capacity 60901K, committed 60952K, reserved 1103872K
  class space    used 7443K, capacity 8116K, committed 8140K, reserved 1048576K
GC Heap History (20 events):
Event: 2.626 GC heap before
{Heap before GC invocations=6 (full 0):
 garbage-first heap   total 131072K, used 61876K [0x0000000080e00000, 0x0000000100000000)
  region size 1024K, 47 young (48128K), 3 survivors (3072K)
 Metaspace       used 23779K, capacity 24435K, committed 24576K, reserved 1071104K
  class space    used 2706K, capacity 2975K, committed 3072K, reserved 1048576K
}
Event: 2.633 GC heap after
{Heap after GC invocations=7 (full 0):
 garbage-first heap   total 198656K, used 20480K [0x0000000080e00000, 0x0000000100000000)
  region size 1024K, 5 young (5120K), 5 survivors (5120K)
 Metaspace       used 23779K, capacity 24435K, committed 24576K, reserved 1071104K
  class space    used 2706K, capacity 2975K, committed 3072K, reserved 1048576K
}
Event: 6.081 GC heap before
{Heap before GC invocations=7 (full 0):
 garbage-first heap   total 198656K, used 119808K [0x0000000080e00000, 0x0000000100000000)
  region size 1024K, 103 young (105472K), 5 survivors (5120K)
 Metaspace       used 30791K, capacity 31696K, committed 32000K, reserved 1077248K
  class space    used 3670K, capacity 4014K, committed 4096K, reserved 1048576K
}
Event: 6.088 GC heap after
{Heap after GC invocations=8 (full 0):
 garbage-first heap   total 198656K, used 22528K [0x0000000080e00000, 0x0000000100000000)
  region size 1024K, 7 young (7168K), 7 survivors (7168K)
 Metaspace       used 30791K, capacity 31696K, committed 32000K, reserved 1077248K
  class space    used 3670K, capacity 4014K, committed 4096K, reserved 1048576K
}
Event: 7.258 GC heap before
{Heap before GC invocations=8 (full 0):
 garbage-first heap   total 198656K, used 133120K [0x0000000080e00000, 0x0000000100000000)
  region size 1024K, 116 young (118784K), 7 survivors (7168K)
 Metaspace       used 31468K, capacity 32435K, committed 32640K, reserved 1077248K
  class space    used 3809K, capacity 4163K, committed 4224K, reserved 1048576K
}
Event: 7.275 GC heap after
{Heap after GC invocations=9 (full 0):
 garbage-first heap   total 198656K, used 31805K [0x0000000080e00000, 0x0000000100000000)
  region size 1024K, 15 young (15360K), 15 survivors (15360K)
 Metaspace       used 31468K, capacity 32435K, committed 32640K, reserved 1077248K
  class space    used 3809K, capacity 4163K, committed 4224K, reserved 1048576K
}
Event: 7.889 GC heap before
{Heap before GC invocations=9 (full 0):
 garbage-first heap   total 198656K, used 114749K [0x0000000080e00000, 0x0000000100000000)
  region size 1024K, 97 young (99328K), 15 survivors (15360K)
 Metaspace       used 34820K, capacity 35796K, committed 35840K, reserved 1081344K
  class space    used 4218K, capacity 4592K, committed 4608K, reserved 1048576K
}
Event: 7.934 GC heap after
{Heap after GC invocations=10 (full 0):
 garbage-first heap   total 198656K, used 35695K [0x0000000080e00000, 0x0000000100000000)
  region size 1024K, 4 young (4096K), 4 survivors (4096K)
 Metaspace       used 34820K, capacity 35796K, committed 35840K, reserved 1081344K
  class space    used 4218K, capacity 4592K, committed 4608K, reserved 1048576K
}
Event: 8.773 GC heap before
{Heap before GC invocations=11 (full 0):
 garbage-first heap   total 198656K, used 135023K [0x0000000080e00000, 0x0000000100000000)
  region size 1024K, 101 young (103424K), 4 survivors (4096K)
 Metaspace       used 38779K, capacity 39929K, committed 40140K, reserved 1083392K
  class space    used 4730K, capacity 5195K, committed 5324K, reserved 1048576K
}
Event: 8.782 GC heap after
{Heap after GC invocations=12 (full 0):
 garbage-first heap   total 198656K, used 38767K [0x0000000080e00000, 0x0000000100000000)
  region size 1024K, 7 young (7168K), 7 survivors (7168K)
 Metaspace       used 38779K, capacity 39929K, committed 40140K, reserved 1083392K
  class space    used 4730K, capacity 5195K, committed 5324K, reserved 1048576K
}
Event: 10.006 GC heap before
{Heap before GC invocations=12 (full 0):
 garbage-first heap   total 198656K, used 140143K [0x0000000080e00000, 0x0000000100000000)
  region size 1024K, 106 young (108544K), 7 survivors (7168K)
 Metaspace       used 44270K, capacity 45620K, committed 45644K, reserved 1089536K
  class space    used 5421K, capacity 5944K, committed 5964K, reserved 1048576K
}
Event: 10.021 GC heap after
{Heap after GC invocations=13 (full 0):
 garbage-first heap   total 198656K, used 43188K [0x0000000080e00000, 0x0000000100000000)
  region size 1024K, 12 young (12288K), 12 survivors (12288K)
 Metaspace       used 44270K, capacity 45620K, committed 45644K, reserved 1089536K
  class space    used 5421K, capacity 5944K, committed 5964K, reserved 1048576K
}
Event: 12.040 GC heap before
{Heap before GC invocations=13 (full 0):
 garbage-first heap   total 198656K, used 143540K [0x0000000080e00000, 0x0000000100000000)
  region size 1024K, 111 young (113664K), 12 survivors (12288K)
 Metaspace       used 52884K, capacity 54323K, committed 54476K, reserved 1095680K
  class space    used 6690K, capacity 7243K, committed 7372K, reserved 1048576K
}
Event: 12.056 GC heap after
{Heap after GC invocations=14 (full 0):
 garbage-first heap   total 238592K, used 46509K [0x0000000080e00000, 0x0000000100000000)
  region size 1024K, 8 young (8192K), 8 survivors (8192K)
 Metaspace       used 52884K, capacity 54323K, committed 54476K, reserved 1095680K
  class space    used 6690K, capacity 7243K, committed 7372K, reserved 1048576K
}
Event: 15.093 GC heap before
{Heap before GC invocations=14 (full 0):
 garbage-first heap   total 238592K, used 166317K [0x0000000080e00000, 0x0000000100000000)
  region size 1024K, 125 young (128000K), 8 survivors (8192K)
 Metaspace       used 56784K, capacity 58433K, committed 58572K, reserved 1099776K
  class space    used 7215K, capacity 7787K, committed 7884K, reserved 1048576K
}
Event: 15.105 GC heap after
{Heap after GC invocations=15 (full 0):
 garbage-first heap   total 238592K, used 48330K [0x0000000080e00000, 0x0000000100000000)
  region size 1024K, 10 young (10240K), 10 survivors (10240K)
 Metaspace       used 56784K, capacity 58433K, committed 58572K, reserved 1099776K
  class space    used 7215K, capacity 7787K, committed 7884K, reserved 1048576K
}
Event: 16.708 GC heap before
{Heap before GC invocations=15 (full 0):
 garbage-first heap   total 238592K, used 180426K [0x0000000080e00000, 0x0000000100000000)
  region size 1024K, 139 young (142336K), 10 survivors (10240K)
 Metaspace       used 57701K, capacity 59773K, committed 59980K, reserved 1101824K
  class space    used 7326K, capacity 8005K, committed 8012K, reserved 1048576K
}
Event: 16.717 GC heap after
{Heap after GC invocations=16 (full 0):
 garbage-first heap   total 238592K, used 48987K [0x0000000080e00000, 0x0000000100000000)
  region size 1024K, 11 young (11264K), 11 survivors (11264K)
 Metaspace       used 57701K, capacity 59773K, committed 59980K, reserved 1101824K
  class space    used 7326K, capacity 8005K, committed 8012K, reserved 1048576K
}
Event: 16.760 GC heap before
{Heap before GC invocations=16 (full 0):
 garbage-first heap   total 238592K, used 55131K [0x0000000080e00000, 0x0000000100000000)
  region size 1024K, 18 young (18432K), 11 survivors (11264K)
 Metaspace       used 58054K, capacity 60121K, committed 60288K, reserved 1101824K
  class space    used 7370K, capacity 8048K, committed 8140K, reserved 1048576K
}
Event: 16.773 GC heap after
{Heap after GC invocations=17 (full 0):
 garbage-first heap   total 238592K, used 49339K [0x0000000080e00000, 0x0000000100000000)
  region size 1024K, 7 young (7168K), 7 survivors (7168K)
 Metaspace       used 58054K, capacity 60121K, committed 60288K, reserved 1101824K
  class space    used 7370K, capacity 8048K, committed 8140K, reserved 1048576K
}

